<?xml version="1.0" encoding="UTF-8"?>
<!-- Generated by org.testng.reporters.JUnitReportReporter -->
<testsuite skipped="0" hostname="VDUDDUKU-L470" name="usersApiTest.PatchAPITest" tests="1" failures="0" timestamp="2020-06-04T15:07:39 IST" time="2.645" errors="0">
  <testcase name="validPatchAPITest" time="2.645" classname="usersApiTest.PatchAPITest"/>
  <system-out/>
</testsuite> <!-- usersApiTest.PatchAPITest -->
